2020-09-10T18:12:54+08:00 [INFO] hello
2020-09-10T18:12:55+08:00 [INFO] Staring,id=1
2020-09-10T18:12:55+08:00 [INFO] ============Cpu==========
2020-09-10T18:12:55+08:00 [INFO] taliyun-k8s-master01节点当前cpu使用率为: 7.576702773211186
2020-09-10T18:12:55+08:00 [INFO] pre-host-work02节点当前cpu使用率为: 6.909008805595784
2020-09-10T18:12:55+08:00 [INFO] pre-k8s-work01节点当前cpu使用率为: 8.120623447053909
2020-09-10T18:12:55+08:00 [INFO] Cpu使用率超过10的节点列表：[]
2020-09-10T18:12:55+08:00 [INFO] ============Mem==========
2020-09-10T18:12:55+08:00 [INFO] pre-host-work02节点当前mem使用率为: 31.85402298281488
2020-09-10T18:12:55+08:00 [INFO] pre-k8s-work01节点当前mem使用率为: 30.071542799427654
2020-09-10T18:12:55+08:00 [INFO] taliyun-k8s-master01节点当前mem使用率为: 71.42949923971031
2020-09-10T18:12:55+08:00 [INFO] Mem 使用率超过阈值10的节点列表: [pre-host-work02 pre-k8s-work01 taliyun-k8s-master01]
2020-09-10T18:12:55+08:00 [INFO] ============Label==========
2020-09-10T18:12:55+08:00 [INFO] --------打上presure标签-------
2020-09-10T18:12:55+08:00 [INFO] 给节点pre-host-work02打type=presure标签成功
2020-09-10T18:12:55+08:00 [INFO] 给节点pre-k8s-work01打type=presure标签成功
2020-09-10T18:12:55+08:00 [INFO] taliyun-k8s-master01节点为master节点，不参与平衡调度标签策略
2020-09-10T18:12:55+08:00 [INFO] --------去掉presure标签-------
2020-09-10T18:12:55+08:00 [INFO] Ending,id=1,耗时256.3125ms
2020-09-10T18:12:55+08:00 [INFO] ------------------------------------
2020-09-10T18:13:05+08:00 [INFO] Staring,id=2
2020-09-10T18:13:05+08:00 [INFO] ============Cpu==========
2020-09-10T18:13:05+08:00 [INFO] pre-host-work02节点当前cpu使用率为: 6.906669676105615
2020-09-10T18:13:05+08:00 [INFO] pre-k8s-work01节点当前cpu使用率为: 8.120623447053909
2020-09-10T18:13:05+08:00 [INFO] taliyun-k8s-master01节点当前cpu使用率为: 7.49163500254385
2020-09-10T18:13:05+08:00 [INFO] Cpu使用率超过10的节点列表：[]
2020-09-10T18:13:05+08:00 [INFO] ============Mem==========
2020-09-10T18:13:05+08:00 [INFO] pre-host-work02节点当前mem使用率为: 31.85035919931477
2020-09-10T18:13:05+08:00 [INFO] pre-k8s-work01节点当前mem使用率为: 30.071542799427654
2020-09-10T18:13:05+08:00 [INFO] taliyun-k8s-master01节点当前mem使用率为: 71.33620267518879
2020-09-10T18:13:05+08:00 [INFO] Mem 使用率超过阈值10的节点列表: [pre-host-work02 pre-k8s-work01 taliyun-k8s-master01]
2020-09-10T18:13:05+08:00 [INFO] ============Label==========
2020-09-10T18:13:05+08:00 [INFO] --------打上presure标签-------
2020-09-10T18:13:05+08:00 [INFO] 给节点pre-host-work02打type=presure标签成功
2020-09-10T18:13:05+08:00 [INFO] 给节点pre-k8s-work01打type=presure标签成功
2020-09-10T18:13:05+08:00 [INFO] taliyun-k8s-master01节点为master节点，不参与平衡调度标签策略
2020-09-10T18:13:05+08:00 [INFO] --------去掉presure标签-------
2020-09-10T18:13:05+08:00 [INFO] Ending,id=2,耗时118.6827ms
2020-09-10T18:13:05+08:00 [INFO] ------------------------------------
2020-09-10T18:13:15+08:00 [INFO] Staring,id=3
2020-09-10T18:13:15+08:00 [INFO] ============Cpu==========
2020-09-10T18:13:15+08:00 [INFO] pre-host-work02节点当前cpu使用率为: 6.434527833948489
2020-09-10T18:13:15+08:00 [INFO] pre-k8s-work01节点当前cpu使用率为: 7.263074664015157
2020-09-10T18:13:15+08:00 [INFO] taliyun-k8s-master01节点当前cpu使用率为: 7.06062496455222
2020-09-10T18:13:15+08:00 [INFO] Cpu使用率超过10的节点列表：[]
2020-09-10T18:13:15+08:00 [INFO] ============Mem==========
2020-09-10T18:13:15+08:00 [INFO] pre-host-work02节点当前mem使用率为: 31.837882531179297
2020-09-10T18:13:15+08:00 [INFO] pre-k8s-work01节点当前mem使用率为: 30.118478836699225
2020-09-10T18:13:15+08:00 [INFO] taliyun-k8s-master01节点当前mem使用率为: 71.0513646555501
2020-09-10T18:13:15+08:00 [INFO] Mem 使用率超过阈值10的节点列表: [pre-host-work02 pre-k8s-work01 taliyun-k8s-master01]
2020-09-10T18:13:15+08:00 [INFO] ============Label==========
2020-09-10T18:13:15+08:00 [INFO] --------打上presure标签-------
2020-09-10T18:13:15+08:00 [INFO] 给节点pre-host-work02打type=presure标签成功
2020-09-10T18:13:15+08:00 [INFO] 给节点pre-k8s-work01打type=presure标签成功
2020-09-10T18:13:15+08:00 [INFO] taliyun-k8s-master01节点为master节点，不参与平衡调度标签策略
2020-09-10T18:13:15+08:00 [INFO] --------去掉presure标签-------
2020-09-10T18:13:15+08:00 [INFO] Ending,id=3,耗时126.4385ms
2020-09-10T18:13:15+08:00 [INFO] ------------------------------------
2020-09-10T18:13:25+08:00 [INFO] Staring,id=4
2020-09-10T18:13:25+08:00 [INFO] ============Cpu==========
2020-09-10T18:13:25+08:00 [INFO] taliyun-k8s-master01节点当前cpu使用率为: 7.06062496455222
2020-09-10T18:13:25+08:00 [INFO] pre-host-work02节点当前cpu使用率为: 6.434527833948489
2020-09-10T18:13:25+08:00 [INFO] pre-k8s-work01节点当前cpu使用率为: 8.004064122790243
2020-09-10T18:13:25+08:00 [INFO] Cpu使用率超过10的节点列表：[]
2020-09-10T18:13:25+08:00 [INFO] ============Mem==========
2020-09-10T18:13:25+08:00 [INFO] pre-host-work02节点当前mem使用率为: 31.837882531179297
2020-09-10T18:13:25+08:00 [INFO] pre-k8s-work01节点当前mem使用率为: 30.118181773172193
2020-09-10T18:13:25+08:00 [INFO] taliyun-k8s-master01节点当前mem使用率为: 71.0513646555501
2020-09-10T18:13:25+08:00 [INFO] Mem 使用率超过阈值10的节点列表: [pre-host-work02 pre-k8s-work01 taliyun-k8s-master01]
2020-09-10T18:13:25+08:00 [INFO] ============Label==========
2020-09-10T18:13:25+08:00 [INFO] --------打上presure标签-------
2020-09-10T18:13:25+08:00 [INFO] 给节点pre-host-work02打type=presure标签成功
2020-09-10T18:13:25+08:00 [INFO] 给节点pre-k8s-work01打type=presure标签成功
2020-09-10T18:13:25+08:00 [INFO] taliyun-k8s-master01节点为master节点，不参与平衡调度标签策略
2020-09-10T18:13:25+08:00 [INFO] --------去掉presure标签-------
2020-09-10T18:13:25+08:00 [INFO] Ending,id=4,耗时125.6644ms
2020-09-10T18:13:25+08:00 [INFO] ------------------------------------
2020-09-10T18:13:35+08:00 [INFO] Staring,id=5
2020-09-10T18:13:35+08:00 [INFO] ============Cpu==========
2020-09-10T18:13:35+08:00 [INFO] pre-host-work02节点当前cpu使用率为: 7.087323943662627
2020-09-10T18:13:35+08:00 [INFO] pre-k8s-work01节点当前cpu使用率为: 8.004064122790243
2020-09-10T18:13:35+08:00 [INFO] taliyun-k8s-master01节点当前cpu使用率为: 7.4074074074315766
2020-09-10T18:13:35+08:00 [INFO] Cpu使用率超过10的节点列表：[]
2020-09-10T18:13:35+08:00 [INFO] ============Mem==========
2020-09-10T18:13:35+08:00 [INFO] pre-host-work02节点当前mem使用率为: 31.909474841194786
2020-09-10T18:13:35+08:00 [INFO] pre-k8s-work01节点当前mem使用率为: 30.118181773172193
2020-09-10T18:13:35+08:00 [INFO] taliyun-k8s-master01节点当前mem使用率为: 71.06548800288653
2020-09-10T18:13:35+08:00 [INFO] Mem 使用率超过阈值10的节点列表: [pre-host-work02 pre-k8s-work01 taliyun-k8s-master01]
2020-09-10T18:13:35+08:00 [INFO] ============Label==========
2020-09-10T18:13:35+08:00 [INFO] --------打上presure标签-------
2020-09-10T18:13:35+08:00 [INFO] 给节点pre-host-work02打type=presure标签成功
2020-09-10T18:13:35+08:00 [INFO] 给节点pre-k8s-work01打type=presure标签成功
2020-09-10T18:13:35+08:00 [INFO] taliyun-k8s-master01节点为master节点，不参与平衡调度标签策略
2020-09-10T18:13:35+08:00 [INFO] --------去掉presure标签-------
2020-09-10T18:13:35+08:00 [INFO] Ending,id=5,耗时142.6161ms
2020-09-10T18:13:35+08:00 [INFO] ------------------------------------
2020-09-10T18:13:45+08:00 [INFO] Staring,id=6
2020-09-10T18:13:45+08:00 [INFO] ============Cpu==========
2020-09-10T18:13:46+08:00 [INFO] pre-host-work02节点当前cpu使用率为: 6.4610535793438455
2020-09-10T18:13:46+08:00 [INFO] pre-k8s-work01节点当前cpu使用率为: 8.193942133792087
2020-09-10T18:13:46+08:00 [INFO] taliyun-k8s-master01节点当前cpu使用率为: 7.7354959451015
2020-09-10T18:13:46+08:00 [INFO] Cpu使用率超过10的节点列表：[]
2020-09-10T18:13:46+08:00 [INFO] ============Mem==========
2020-09-10T18:13:46+08:00 [INFO] pre-host-work02节点当前mem使用率为: 31.88927452135639
2020-09-10T18:13:46+08:00 [INFO] pre-k8s-work01节点当前mem使用率为: 30.18630834203895
2020-09-10T18:13:46+08:00 [INFO] taliyun-k8s-master01节点当前mem使用率为: 71.0405401922631
2020-09-10T18:13:46+08:00 [INFO] Mem 使用率超过阈值10的节点列表: [pre-host-work02 pre-k8s-work01 taliyun-k8s-master01]
2020-09-10T18:13:46+08:00 [INFO] ============Label==========
2020-09-10T18:13:46+08:00 [INFO] --------打上presure标签-------
2020-09-10T18:13:46+08:00 [INFO] 给节点pre-host-work02打type=presure标签成功
2020-09-10T18:13:46+08:00 [INFO] 给节点pre-k8s-work01打type=presure标签成功
2020-09-10T18:13:46+08:00 [INFO] taliyun-k8s-master01节点为master节点，不参与平衡调度标签策略
2020-09-10T18:13:46+08:00 [INFO] --------去掉presure标签-------
2020-09-10T18:13:46+08:00 [INFO] Ending,id=6,耗时372.9604ms
2020-09-10T18:13:46+08:00 [INFO] ------------------------------------
2020-09-10T18:13:56+08:00 [INFO] Staring,id=7
2020-09-10T18:13:56+08:00 [INFO] ============Cpu==========
2020-09-10T18:13:56+08:00 [INFO] pre-host-work02节点当前cpu使用率为: 6.4610535793438455
2020-09-10T18:13:56+08:00 [INFO] pre-k8s-work01节点当前cpu使用率为: 8.448159024038304
2020-09-10T18:13:56+08:00 [INFO] taliyun-k8s-master01节点当前cpu使用率为: 7.7354959451015
2020-09-10T18:13:56+08:00 [INFO] Cpu使用率超过10的节点列表：[]
2020-09-10T18:13:56+08:00 [INFO] ============Mem==========
2020-09-10T18:13:56+08:00 [INFO] pre-host-work02节点当前mem使用率为: 31.88927452135639
2020-09-10T18:13:56+08:00 [INFO] pre-k8s-work01节点当前mem使用率为: 30.3195908445021
2020-09-10T18:13:56+08:00 [INFO] taliyun-k8s-master01节点当前mem使用率为: 71.0405401922631
2020-09-10T18:13:56+08:00 [INFO] Mem 使用率超过阈值10的节点列表: [pre-host-work02 pre-k8s-work01 taliyun-k8s-master01]
2020-09-10T18:13:56+08:00 [INFO] ============Label==========
2020-09-10T18:13:56+08:00 [INFO] --------打上presure标签-------
2020-09-10T18:13:56+08:00 [INFO] 给节点pre-host-work02打type=presure标签成功
2020-09-10T18:13:56+08:00 [INFO] 给节点pre-k8s-work01打type=presure标签成功
2020-09-10T18:13:56+08:00 [INFO] taliyun-k8s-master01节点为master节点，不参与平衡调度标签策略
2020-09-10T18:13:56+08:00 [INFO] --------去掉presure标签-------
2020-09-10T18:13:56+08:00 [INFO] Ending,id=7,耗时132.6455ms
2020-09-10T18:13:56+08:00 [INFO] ------------------------------------
2020-09-10T18:14:06+08:00 [INFO] Staring,id=8
2020-09-10T18:14:06+08:00 [INFO] ============Cpu==========
2020-09-10T18:14:06+08:00 [INFO] taliyun-k8s-master01节点当前cpu使用率为: 7.498724706708737
2020-09-10T18:14:06+08:00 [INFO] pre-host-work02节点当前cpu使用率为: 6.915193152478971
2020-09-10T18:14:06+08:00 [INFO] pre-k8s-work01节点当前cpu使用率为: 8.448159024038304
2020-09-10T18:14:06+08:00 [INFO] Cpu使用率超过10的节点列表：[]
2020-09-10T18:14:06+08:00 [INFO] ============Mem==========
2020-09-10T18:14:06+08:00 [INFO] pre-host-work02节点当前mem使用率为: 31.885214653153582
2020-09-10T18:14:06+08:00 [INFO] pre-k8s-work01节点当前mem使用率为: 30.3195908445021
2020-09-10T18:14:06+08:00 [INFO] taliyun-k8s-master01节点当前mem使用率为: 71.07425066364269
2020-09-10T18:14:06+08:00 [INFO] Mem 使用率超过阈值10的节点列表: [pre-host-work02 pre-k8s-work01 taliyun-k8s-master01]
2020-09-10T18:14:06+08:00 [INFO] ============Label==========
2020-09-10T18:14:06+08:00 [INFO] --------打上presure标签-------
2020-09-10T18:14:06+08:00 [INFO] 给节点pre-host-work02打type=presure标签成功
2020-09-10T18:14:06+08:00 [INFO] 给节点pre-k8s-work01打type=presure标签成功
2020-09-10T18:14:06+08:00 [INFO] taliyun-k8s-master01节点为master节点，不参与平衡调度标签策略
2020-09-10T18:14:06+08:00 [INFO] --------去掉presure标签-------
2020-09-10T18:14:06+08:00 [INFO] Ending,id=8,耗时134.5789ms
2020-09-10T18:14:06+08:00 [INFO] ------------------------------------
2020-09-10T18:14:16+08:00 [INFO] Staring,id=9
2020-09-10T18:14:16+08:00 [INFO] ============Cpu==========
2020-09-10T18:14:16+08:00 [INFO] taliyun-k8s-master01节点当前cpu使用率为: 6.943263617301653
2020-09-10T18:14:16+08:00 [INFO] pre-host-work02节点当前cpu使用率为: 6.451249718529306
2020-09-10T18:14:16+08:00 [INFO] pre-k8s-work01节点当前cpu使用率为: 7.599367660453559
2020-09-10T18:14:16+08:00 [INFO] Cpu使用率超过10的节点列表：[]
2020-09-10T18:14:16+08:00 [INFO] ============Mem==========
2020-09-10T18:14:16+08:00 [INFO] pre-host-work02节点当前mem使用率为: 31.848774860503916
2020-09-10T18:14:16+08:00 [INFO] pre-k8s-work01节点当前mem使用率为: 30.340187249043204
2020-09-10T18:14:16+08:00 [INFO] taliyun-k8s-master01节点当前mem使用率为: 70.99930414164584
2020-09-10T18:14:16+08:00 [INFO] Mem 使用率超过阈值10的节点列表: [pre-host-work02 pre-k8s-work01 taliyun-k8s-master01]
2020-09-10T18:14:16+08:00 [INFO] ============Label==========
2020-09-10T18:14:16+08:00 [INFO] --------打上presure标签-------
2020-09-10T18:14:16+08:00 [INFO] 给节点pre-k8s-work01打type=presure标签成功
2020-09-10T18:14:16+08:00 [INFO] taliyun-k8s-master01节点为master节点，不参与平衡调度标签策略
2020-09-10T18:14:16+08:00 [INFO] 给节点pre-host-work02打type=presure标签成功
2020-09-10T18:14:16+08:00 [INFO] --------去掉presure标签-------
2020-09-10T18:14:16+08:00 [INFO] Ending,id=9,耗时132.1101ms
2020-09-10T18:14:16+08:00 [INFO] ------------------------------------
2020-09-10T18:14:26+08:00 [INFO] Staring,id=10
2020-09-10T18:14:26+08:00 [INFO] ============Cpu==========
2020-09-10T18:14:26+08:00 [INFO] pre-k8s-work01节点当前cpu使用率为: 7.940811024468175
2020-09-10T18:14:26+08:00 [INFO] taliyun-k8s-master01节点当前cpu使用率为: 6.943263617301653
2020-09-10T18:14:26+08:00 [INFO] pre-host-work02节点当前cpu使用率为: 6.451249718529295
2020-09-10T18:14:26+08:00 [INFO] Cpu使用率超过10的节点列表：[]
2020-09-10T18:14:26+08:00 [INFO] ============Mem==========
2020-09-10T18:14:26+08:00 [INFO] pre-host-work02节点当前mem使用率为: 31.848774860503916
2020-09-10T18:14:26+08:00 [INFO] pre-k8s-work01节点当前mem使用率为: 30.394648895666343
2020-09-10T18:14:26+08:00 [INFO] taliyun-k8s-master01节点当前mem使用率为: 70.99930414164584
2020-09-10T18:14:26+08:00 [INFO] Mem 使用率超过阈值10的节点列表: [pre-host-work02 pre-k8s-work01 taliyun-k8s-master01]
2020-09-10T18:14:26+08:00 [INFO] ============Label==========
2020-09-10T18:14:26+08:00 [INFO] --------打上presure标签-------
2020-09-10T18:14:26+08:00 [INFO] 给节点pre-host-work02打type=presure标签成功
2020-09-10T18:14:26+08:00 [INFO] 给节点pre-k8s-work01打type=presure标签成功
2020-09-10T18:14:26+08:00 [INFO] taliyun-k8s-master01节点为master节点，不参与平衡调度标签策略
2020-09-10T18:14:26+08:00 [INFO] --------去掉presure标签-------
2020-09-10T18:14:26+08:00 [INFO] Ending,id=10,耗时124.6041ms
2020-09-10T18:14:26+08:00 [INFO] ------------------------------------
2020-09-10T18:14:36+08:00 [INFO] Staring,id=11
2020-09-10T18:14:36+08:00 [INFO] ============Cpu==========
2020-09-10T18:14:36+08:00 [INFO] pre-host-work02节点当前cpu使用率为: 7.196756391542247
2020-09-10T18:14:36+08:00 [INFO] pre-k8s-work01节点当前cpu使用率为: 7.9679023507094655
2020-09-10T18:14:36+08:00 [INFO] taliyun-k8s-master01节点当前cpu使用率为: 7.340021538308128
2020-09-10T18:14:36+08:00 [INFO] Cpu使用率超过10的节点列表：[]
2020-09-10T18:14:36+08:00 [INFO] ============Mem==========
2020-09-10T18:14:36+08:00 [INFO] pre-host-work02节点当前mem使用率为: 31.79144159978612
2020-09-10T18:14:36+08:00 [INFO] pre-k8s-work01节点当前mem使用率为: 30.379597676963222
2020-09-10T18:14:36+08:00 [INFO] taliyun-k8s-master01节点当前mem使用率为: 71.09187907528155
2020-09-10T18:14:36+08:00 [INFO] Mem 使用率超过阈值10的节点列表: [pre-host-work02 pre-k8s-work01 taliyun-k8s-master01]
2020-09-10T18:14:36+08:00 [INFO] ============Label==========
2020-09-10T18:14:36+08:00 [INFO] --------打上presure标签-------
2020-09-10T18:14:36+08:00 [INFO] 给节点pre-host-work02打type=presure标签成功
2020-09-10T18:14:36+08:00 [INFO] 给节点pre-k8s-work01打type=presure标签成功
2020-09-10T18:14:36+08:00 [INFO] taliyun-k8s-master01节点为master节点，不参与平衡调度标签策略
2020-09-10T18:14:36+08:00 [INFO] --------去掉presure标签-------
2020-09-10T18:14:36+08:00 [INFO] Ending,id=11,耗时124.559ms
2020-09-10T18:14:36+08:00 [INFO] ------------------------------------
2020-09-10T18:14:46+08:00 [INFO] Staring,id=12
2020-09-10T18:14:46+08:00 [INFO] ============Cpu==========
2020-09-10T18:14:47+08:00 [INFO] pre-k8s-work01节点当前cpu使用率为: 7.9679023507094655
2020-09-10T18:14:47+08:00 [INFO] taliyun-k8s-master01节点当前cpu使用率为: 7.564073486041001
2020-09-10T18:14:47+08:00 [INFO] pre-host-work02节点当前cpu使用率为: 7.0214920670167995
2020-09-10T18:14:47+08:00 [INFO] Cpu使用率超过10的节点列表：[]
2020-09-10T18:14:47+08:00 [INFO] ============Mem==========
2020-09-10T18:14:47+08:00 [INFO] pre-host-work02节点当前mem使用率为: 31.869074201518
2020-09-10T18:14:47+08:00 [INFO] pre-k8s-work01节点当前mem使用率为: 30.379597676963222
2020-09-10T18:14:47+08:00 [INFO] taliyun-k8s-master01节点当前mem使用率为: 71.02600448442051
2020-09-10T18:14:47+08:00 [INFO] Mem 使用率超过阈值10的节点列表: [pre-host-work02 pre-k8s-work01 taliyun-k8s-master01]
2020-09-10T18:14:47+08:00 [INFO] ============Label==========
2020-09-10T18:14:47+08:00 [INFO] --------打上presure标签-------
2020-09-10T18:14:47+08:00 [INFO] 给节点pre-host-work02打type=presure标签成功
2020-09-10T18:14:47+08:00 [INFO] 给节点pre-k8s-work01打type=presure标签成功
2020-09-10T18:14:47+08:00 [INFO] taliyun-k8s-master01节点为master节点，不参与平衡调度标签策略
2020-09-10T18:14:47+08:00 [INFO] --------去掉presure标签-------
2020-09-10T18:14:47+08:00 [INFO] Ending,id=12,耗时117.6189ms
2020-09-10T18:14:47+08:00 [INFO] ------------------------------------
2020-09-10T18:14:57+08:00 [INFO] Staring,id=13
2020-09-10T18:14:57+08:00 [INFO] ============Cpu==========
2020-09-10T18:14:57+08:00 [INFO] pre-host-work02节点当前cpu使用率为: 7.0214920670167995
2020-09-10T18:14:57+08:00 [INFO] pre-k8s-work01节点当前cpu使用率为: 8.29753560928278
2020-09-10T18:14:57+08:00 [INFO] taliyun-k8s-master01节点当前cpu使用率为: 7.564073486041001
2020-09-10T18:14:57+08:00 [INFO] Cpu使用率超过10的节点列表：[]
2020-09-10T18:14:57+08:00 [INFO] ============Mem==========
2020-09-10T18:14:57+08:00 [INFO] pre-host-work02节点当前mem使用率为: 31.869074201518
2020-09-10T18:14:57+08:00 [INFO] pre-k8s-work01节点当前mem使用率为: 30.35563455244904
2020-09-10T18:14:57+08:00 [INFO] taliyun-k8s-master01节点当前mem使用率为: 71.02600448442051
2020-09-10T18:14:57+08:00 [INFO] Mem 使用率超过阈值10的节点列表: [pre-host-work02 pre-k8s-work01 taliyun-k8s-master01]
2020-09-10T18:14:57+08:00 [INFO] ============Label==========
2020-09-10T18:14:57+08:00 [INFO] --------打上presure标签-------
2020-09-10T18:14:57+08:00 [INFO] taliyun-k8s-master01节点为master节点，不参与平衡调度标签策略
2020-09-10T18:14:57+08:00 [INFO] 给节点pre-host-work02打type=presure标签成功
2020-09-10T18:14:57+08:00 [INFO] 给节点pre-k8s-work01打type=presure标签成功
2020-09-10T18:14:57+08:00 [INFO] --------去掉presure标签-------
2020-09-10T18:14:57+08:00 [INFO] Ending,id=13,耗时127.2544ms
2020-09-10T18:14:57+08:00 [INFO] ------------------------------------
2020-09-10T18:15:07+08:00 [INFO] Staring,id=14
2020-09-10T18:15:07+08:00 [INFO] ============Cpu==========
2020-09-10T18:15:07+08:00 [INFO] pre-k8s-work01节点当前cpu使用率为: 7.54461260440481
2020-09-10T18:15:07+08:00 [INFO] taliyun-k8s-master01节点当前cpu使用率为: 7.724130114459515
2020-09-10T18:15:07+08:00 [INFO] pre-host-work02节点当前cpu使用率为: 7.345331833519541
2020-09-10T18:15:07+08:00 [INFO] Cpu使用率超过10的节点列表：[]
2020-09-10T18:15:07+08:00 [INFO] ============Mem==========
2020-09-10T18:15:07+08:00 [INFO] pre-host-work02节点当前mem使用率为: 31.89313634720785
2020-09-10T18:15:07+08:00 [INFO] pre-k8s-work01节点当前mem使用率为: 30.40910598731539
2020-09-10T18:15:07+08:00 [INFO] taliyun-k8s-master01节点当前mem使用率为: 71.07806499832479
2020-09-10T18:15:07+08:00 [INFO] Mem 使用率超过阈值10的节点列表: [pre-host-work02 pre-k8s-work01 taliyun-k8s-master01]
2020-09-10T18:15:07+08:00 [INFO] ============Label==========
2020-09-10T18:15:07+08:00 [INFO] --------打上presure标签-------
2020-09-10T18:15:07+08:00 [INFO] taliyun-k8s-master01节点为master节点，不参与平衡调度标签策略
2020-09-10T18:15:07+08:00 [INFO] 给节点pre-host-work02打type=presure标签成功
2020-09-10T18:15:07+08:00 [INFO] 给节点pre-k8s-work01打type=presure标签成功
2020-09-10T18:15:07+08:00 [INFO] --------去掉presure标签-------
2020-09-10T18:15:07+08:00 [INFO] Ending,id=14,耗时133.3267ms
2020-09-10T18:15:07+08:00 [INFO] ------------------------------------
2020-09-10T18:15:17+08:00 [INFO] Staring,id=15
2020-09-10T18:15:17+08:00 [INFO] ============Cpu==========
2020-09-10T18:15:17+08:00 [INFO] pre-host-work02节点当前cpu使用率为: 6.907413657379857
2020-09-10T18:15:17+08:00 [INFO] pre-k8s-work01节点当前cpu使用率为: 7.54461260440481
2020-09-10T18:15:17+08:00 [INFO] taliyun-k8s-master01节点当前cpu使用率为: 7.107634755995895
2020-09-10T18:15:17+08:00 [INFO] Cpu使用率超过10的节点列表：[]
2020-09-10T18:15:17+08:00 [INFO] ============Mem==========
2020-09-10T18:15:17+08:00 [INFO] pre-host-work02节点当前mem使用率为: 31.864816290963827
2020-09-10T18:15:17+08:00 [INFO] pre-k8s-work01节点当前mem使用率为: 30.40910598731539
2020-09-10T18:15:17+08:00 [INFO] taliyun-k8s-master01节点当前mem使用率为: 71.07023014870751
2020-09-10T18:15:17+08:00 [INFO] Mem 使用率超过阈值10的节点列表: [pre-host-work02 pre-k8s-work01 taliyun-k8s-master01]
2020-09-10T18:15:17+08:00 [INFO] ============Label==========
2020-09-10T18:15:17+08:00 [INFO] --------打上presure标签-------
2020-09-10T18:15:17+08:00 [INFO] 给节点pre-k8s-work01打type=presure标签成功
2020-09-10T18:15:17+08:00 [INFO] taliyun-k8s-master01节点为master节点，不参与平衡调度标签策略
2020-09-10T18:15:17+08:00 [INFO] 给节点pre-host-work02打type=presure标签成功
2020-09-10T18:15:17+08:00 [INFO] --------去掉presure标签-------
2020-09-10T18:15:17+08:00 [INFO] Ending,id=15,耗时131.6489ms
2020-09-10T18:15:17+08:00 [INFO] ------------------------------------
2020-09-10T18:15:27+08:00 [INFO] Staring,id=16
2020-09-10T18:15:27+08:00 [INFO] ============Cpu==========
2020-09-10T18:15:27+08:00 [INFO] pre-host-work02节点当前cpu使用率为: 6.907413657379857
2020-09-10T18:15:27+08:00 [INFO] pre-k8s-work01节点当前cpu使用率为: 8.27874407056759
2020-09-10T18:15:27+08:00 [INFO] taliyun-k8s-master01节点当前cpu使用率为: 7.107634755995895
2020-09-10T18:15:27+08:00 [INFO] Cpu使用率超过10的节点列表：[]
2020-09-10T18:15:27+08:00 [INFO] ============Mem==========
2020-09-10T18:15:27+08:00 [INFO] pre-host-work02节点当前mem使用率为: 31.864816290963827
2020-09-10T18:15:27+08:00 [INFO] pre-k8s-work01节点当前mem使用率为: 30.402075483842218
2020-09-10T18:15:27+08:00 [INFO] taliyun-k8s-master01节点当前mem使用率为: 71.07023014870751
2020-09-10T18:15:27+08:00 [INFO] Mem 使用率超过阈值10的节点列表: [pre-host-work02 pre-k8s-work01 taliyun-k8s-master01]
2020-09-10T18:15:27+08:00 [INFO] ============Label==========
2020-09-10T18:15:27+08:00 [INFO] --------打上presure标签-------
2020-09-10T18:15:27+08:00 [INFO] taliyun-k8s-master01节点为master节点，不参与平衡调度标签策略
2020-09-10T18:15:27+08:00 [INFO] 给节点pre-host-work02打type=presure标签成功
2020-09-10T18:15:27+08:00 [INFO] 给节点pre-k8s-work01打type=presure标签成功
2020-09-10T18:15:27+08:00 [INFO] --------去掉presure标签-------
2020-09-10T18:15:27+08:00 [INFO] Ending,id=16,耗时133.6479ms
2020-09-10T18:15:27+08:00 [INFO] ------------------------------------
2020-09-10T18:15:37+08:00 [INFO] Staring,id=17
2020-09-10T18:15:37+08:00 [INFO] ============Cpu==========
2020-09-10T18:15:37+08:00 [INFO] pre-host-work02节点当前cpu使用率为: 7.031162110441203
2020-09-10T18:15:37+08:00 [INFO] pre-k8s-work01节点当前cpu使用率为: 8.098949508441311
2020-09-10T18:15:37+08:00 [INFO] taliyun-k8s-master01节点当前cpu使用率为: 7.594649739293724
2020-09-10T18:15:37+08:00 [INFO] Cpu使用率超过10的节点列表：[]
2020-09-10T18:15:37+08:00 [INFO] ============Mem==========
2020-09-10T18:15:37+08:00 [INFO] pre-host-work02节点当前mem使用率为: 31.85323081340945
2020-09-10T18:15:37+08:00 [INFO] pre-k8s-work01节点当前mem使用率为: 30.378211380503718
2020-09-10T18:15:37+08:00 [INFO] taliyun-k8s-master01节点当前mem使用率为: 71.04332362567976
2020-09-10T18:15:37+08:00 [INFO] Mem 使用率超过阈值10的节点列表: [pre-host-work02 pre-k8s-work01 taliyun-k8s-master01]
2020-09-10T18:15:37+08:00 [INFO] ============Label==========
2020-09-10T18:15:37+08:00 [INFO] --------打上presure标签-------
2020-09-10T18:15:37+08:00 [INFO] 给节点pre-k8s-work01打type=presure标签成功
2020-09-10T18:15:37+08:00 [INFO] taliyun-k8s-master01节点为master节点，不参与平衡调度标签策略
2020-09-10T18:15:37+08:00 [INFO] 给节点pre-host-work02打type=presure标签成功
2020-09-10T18:15:37+08:00 [INFO] --------去掉presure标签-------
2020-09-10T18:15:37+08:00 [INFO] Ending,id=17,耗时126.6603ms
2020-09-10T18:15:37+08:00 [INFO] ------------------------------------
2020-09-10T18:15:47+08:00 [INFO] Staring,id=18
2020-09-10T18:15:47+08:00 [INFO] ============Cpu==========
2020-09-10T18:15:47+08:00 [INFO] pre-host-work02节点当前cpu使用率为: 6.9338135973182276
2020-09-10T18:15:47+08:00 [INFO] pre-k8s-work01节点当前cpu使用率为: 8.098949508441311
2020-09-10T18:15:47+08:00 [INFO] taliyun-k8s-master01节点当前cpu使用率为: 7.6670069184571865
2020-09-10T18:15:47+08:00 [INFO] Cpu使用率超过10的节点列表：[]
2020-09-10T18:15:47+08:00 [INFO] ============Mem==========
2020-09-10T18:15:47+08:00 [INFO] pre-host-work02节点当前mem使用率为: 31.769062814082794
2020-09-10T18:15:47+08:00 [INFO] pre-k8s-work01节点当前mem使用率为: 30.378211380503718
2020-09-10T18:15:47+08:00 [INFO] taliyun-k8s-master01节点当前mem使用率为: 71.03610731682173
2020-09-10T18:15:47+08:00 [INFO] Mem 使用率超过阈值10的节点列表: [pre-host-work02 pre-k8s-work01 taliyun-k8s-master01]
2020-09-10T18:15:47+08:00 [INFO] ============Label==========
2020-09-10T18:15:47+08:00 [INFO] --------打上presure标签-------
2020-09-10T18:15:47+08:00 [INFO] 给节点pre-k8s-work01打type=presure标签成功
2020-09-10T18:15:47+08:00 [INFO] taliyun-k8s-master01节点为master节点，不参与平衡调度标签策略
2020-09-10T18:15:47+08:00 [INFO] 给节点pre-host-work02打type=presure标签成功
2020-09-10T18:15:47+08:00 [INFO] --------去掉presure标签-------
2020-09-10T18:15:47+08:00 [INFO] Ending,id=18,耗时128.5398ms
2020-09-10T18:15:47+08:00 [INFO] ------------------------------------
2020-09-10T18:15:57+08:00 [INFO] Staring,id=19
2020-09-10T18:15:57+08:00 [INFO] ============Cpu==========
2020-09-10T18:15:57+08:00 [INFO] pre-host-work02节点当前cpu使用率为: 6.9338135973182276
2020-09-10T18:15:57+08:00 [INFO] pre-k8s-work01节点当前cpu使用率为: 8.267449740364052
2020-09-10T18:15:57+08:00 [INFO] taliyun-k8s-master01节点当前cpu使用率为: 7.6670069184571865
2020-09-10T18:15:57+08:00 [INFO] Cpu使用率超过10的节点列表：[]
2020-09-10T18:15:57+08:00 [INFO] ============Mem==========
2020-09-10T18:15:57+08:00 [INFO] pre-host-work02节点当前mem使用率为: 31.769062814082794
2020-09-10T18:15:57+08:00 [INFO] pre-k8s-work01节点当前mem使用率为: 30.414552151977702
2020-09-10T18:15:57+08:00 [INFO] taliyun-k8s-master01节点当前mem使用率为: 71.03610731682173
2020-09-10T18:15:57+08:00 [INFO] Mem 使用率超过阈值10的节点列表: [pre-host-work02 pre-k8s-work01 taliyun-k8s-master01]
2020-09-10T18:15:57+08:00 [INFO] ============Label==========
2020-09-10T18:15:57+08:00 [INFO] --------打上presure标签-------
2020-09-10T18:15:57+08:00 [INFO] 给节点pre-host-work02打type=presure标签成功
2020-09-10T18:15:58+08:00 [INFO] 给节点pre-k8s-work01打type=presure标签成功
2020-09-10T18:15:58+08:00 [INFO] taliyun-k8s-master01节点为master节点，不参与平衡调度标签策略
2020-09-10T18:15:58+08:00 [INFO] --------去掉presure标签-------
2020-09-10T18:15:58+08:00 [INFO] Ending,id=19,耗时127.5419ms
2020-09-10T18:15:58+08:00 [INFO] ------------------------------------
2020-09-10T18:16:08+08:00 [INFO] Staring,id=20
2020-09-10T18:16:08+08:00 [INFO] ============Cpu==========
2020-09-10T18:16:08+08:00 [INFO] pre-host-work02节点当前cpu使用率为: 7.416160252066561
2020-09-10T18:16:08+08:00 [INFO] pre-k8s-work01节点当前cpu使用率为: 7.435028248578545
2020-09-10T18:16:08+08:00 [INFO] taliyun-k8s-master01节点当前cpu使用率为: 7.545351473927575
2020-09-10T18:16:08+08:00 [INFO] Cpu使用率超过10的节点列表：[]
2020-09-10T18:16:08+08:00 [INFO] ============Mem==========
2020-09-10T18:16:08+08:00 [INFO] pre-host-work02节点当前mem使用率为: 31.846596394638993
2020-09-10T18:16:08+08:00 [INFO] pre-k8s-work01节点当前mem使用率为: 30.378013338152364
2020-09-10T18:16:08+08:00 [INFO] taliyun-k8s-master01节点当前mem使用率为: 71.01064405556559
2020-09-10T18:16:08+08:00 [INFO] Mem 使用率超过阈值10的节点列表: [pre-host-work02 pre-k8s-work01 taliyun-k8s-master01]
2020-09-10T18:16:08+08:00 [INFO] ============Label==========
2020-09-10T18:16:08+08:00 [INFO] --------打上presure标签-------
2020-09-10T18:16:08+08:00 [INFO] 给节点pre-host-work02打type=presure标签成功
2020-09-10T18:16:08+08:00 [INFO] 给节点pre-k8s-work01打type=presure标签成功
2020-09-10T18:16:08+08:00 [INFO] taliyun-k8s-master01节点为master节点，不参与平衡调度标签策略
2020-09-10T18:16:08+08:00 [INFO] --------去掉presure标签-------
2020-09-10T18:16:08+08:00 [INFO] Ending,id=20,耗时210.4524ms
2020-09-10T18:16:08+08:00 [INFO] ------------------------------------
2020-09-10T18:16:18+08:00 [INFO] Staring,id=21
2020-09-10T18:16:18+08:00 [INFO] ============Cpu==========
2020-09-10T18:16:18+08:00 [INFO] pre-host-work02节点当前cpu使用率为: 7.5563063063490805
2020-09-10T18:16:18+08:00 [INFO] pre-k8s-work01节点当前cpu使用率为: 7.435028248578545
2020-09-10T18:16:18+08:00 [INFO] taliyun-k8s-master01节点当前cpu使用率为: 8.883723567058265
2020-09-10T18:16:18+08:00 [INFO] Cpu使用率超过10的节点列表：[]
2020-09-10T18:16:18+08:00 [INFO] ============Mem==========
2020-09-10T18:16:18+08:00 [INFO] pre-host-work02节点当前mem使用率为: 31.836793298246835
2020-09-10T18:16:18+08:00 [INFO] pre-k8s-work01节点当前mem使用率为: 30.378013338152364
2020-09-10T18:16:18+08:00 [INFO] taliyun-k8s-master01节点当前mem使用率为: 71.34908894100668
2020-09-10T18:16:18+08:00 [INFO] Mem 使用率超过阈值10的节点列表: [pre-host-work02 pre-k8s-work01 taliyun-k8s-master01]
2020-09-10T18:16:18+08:00 [INFO] ============Label==========
2020-09-10T18:16:18+08:00 [INFO] --------打上presure标签-------
2020-09-10T18:16:18+08:00 [INFO] 给节点pre-host-work02打type=presure标签成功
2020-09-10T18:16:18+08:00 [INFO] 给节点pre-k8s-work01打type=presure标签成功
2020-09-10T18:16:18+08:00 [INFO] taliyun-k8s-master01节点为master节点，不参与平衡调度标签策略
2020-09-10T18:16:18+08:00 [INFO] --------去掉presure标签-------
2020-09-10T18:16:18+08:00 [INFO] Ending,id=21,耗时176.5349ms
2020-09-10T18:16:18+08:00 [INFO] ------------------------------------
2020-09-10T18:16:28+08:00 [INFO] Staring,id=22
2020-09-10T18:16:28+08:00 [INFO] ============Cpu==========
2020-09-10T18:16:28+08:00 [INFO] pre-host-work02节点当前cpu使用率为: 7.5563063063490805
2020-09-10T18:16:28+08:00 [INFO] pre-k8s-work01节点当前cpu使用率为: 8.126130199004733
2020-09-10T18:16:28+08:00 [INFO] taliyun-k8s-master01节点当前cpu使用率为: 8.883723567058265
2020-09-10T18:16:28+08:00 [INFO] Cpu使用率超过10的节点列表：[]
2020-09-10T18:16:28+08:00 [INFO] ============Mem==========
2020-09-10T18:16:28+08:00 [INFO] pre-host-work02节点当前mem使用率为: 31.836793298246835
2020-09-10T18:16:28+08:00 [INFO] pre-k8s-work01节点当前mem使用率为: 30.331671427934857
2020-09-10T18:16:28+08:00 [INFO] taliyun-k8s-master01节点当前mem使用率为: 71.34908894100668
2020-09-10T18:16:28+08:00 [INFO] Mem 使用率超过阈值10的节点列表: [pre-host-work02 pre-k8s-work01 taliyun-k8s-master01]
2020-09-10T18:16:28+08:00 [INFO] ============Label==========
2020-09-10T18:16:28+08:00 [INFO] --------打上presure标签-------
2020-09-10T18:16:28+08:00 [INFO] 给节点pre-host-work02打type=presure标签成功
2020-09-10T18:16:28+08:00 [INFO] 给节点pre-k8s-work01打type=presure标签成功
2020-09-10T18:16:28+08:00 [INFO] taliyun-k8s-master01节点为master节点，不参与平衡调度标签策略
2020-09-10T18:16:28+08:00 [INFO] --------去掉presure标签-------
2020-09-10T18:16:28+08:00 [INFO] Ending,id=22,耗时172.4612ms
2020-09-10T18:16:28+08:00 [INFO] ------------------------------------
2020-09-10T18:16:38+08:00 [INFO] Staring,id=23
2020-09-10T18:16:38+08:00 [INFO] ============Cpu==========
2020-09-10T18:16:38+08:00 [INFO] taliyun-k8s-master01节点当前cpu使用率为: 9.294417682044266
2020-09-10T18:16:38+08:00 [INFO] pre-host-work02节点当前cpu使用率为: 7.590090090241864
2020-09-10T18:16:38+08:00 [INFO] pre-k8s-work01节点当前cpu使用率为: 8.322026232487389
2020-09-10T18:16:38+08:00 [INFO] Cpu使用率超过10的节点列表：[]
2020-09-10T18:16:38+08:00 [INFO] ============Mem==========
2020-09-10T18:16:38+08:00 [INFO] pre-host-work02节点当前mem使用率为: 31.818573401922002
2020-09-10T18:16:38+08:00 [INFO] pre-k8s-work01节点当前mem使用率为: 30.398906806220506
2020-09-10T18:16:38+08:00 [INFO] taliyun-k8s-master01节点当前mem使用率为: 71.39403623617949
2020-09-10T18:16:38+08:00 [INFO] Mem 使用率超过阈值10的节点列表: [pre-host-work02 pre-k8s-work01 taliyun-k8s-master01]
2020-09-10T18:16:38+08:00 [INFO] ============Label==========
2020-09-10T18:16:38+08:00 [INFO] --------打上presure标签-------
2020-09-10T18:16:38+08:00 [INFO] 给节点pre-k8s-work01打type=presure标签成功
2020-09-10T18:16:38+08:00 [INFO] taliyun-k8s-master01节点为master节点，不参与平衡调度标签策略
2020-09-10T18:16:38+08:00 [INFO] 给节点pre-host-work02打type=presure标签成功
2020-09-10T18:16:38+08:00 [INFO] --------去掉presure标签-------
2020-09-10T18:16:38+08:00 [INFO] Ending,id=23,耗时198.0131ms
2020-09-10T18:16:38+08:00 [INFO] ------------------------------------
2020-09-10T18:16:48+08:00 [INFO] Staring,id=24
2020-09-10T18:16:48+08:00 [INFO] ============Cpu==========
2020-09-10T18:16:48+08:00 [INFO] pre-host-work02节点当前cpu使用率为: 6.945851626784716
2020-09-10T18:16:48+08:00 [INFO] pre-k8s-work01节点当前cpu使用率为: 8.322026232487389
2020-09-10T18:16:48+08:00 [INFO] taliyun-k8s-master01节点当前cpu使用率为: 9.772005444637044
2020-09-10T18:16:48+08:00 [INFO] Cpu使用率超过10的节点列表：[]
2020-09-10T18:16:48+08:00 [INFO] ============Mem==========
2020-09-10T18:16:48+08:00 [INFO] pre-host-work02节点当前mem使用率为: 31.79045138802933
2020-09-10T18:16:48+08:00 [INFO] pre-k8s-work01节点当前mem使用率为: 30.398906806220506
2020-09-10T18:16:48+08:00 [INFO] taliyun-k8s-master01节点当前mem使用率为: 71.3359964949357
2020-09-10T18:16:48+08:00 [INFO] Mem 使用率超过阈值10的节点列表: [pre-host-work02 pre-k8s-work01 taliyun-k8s-master01]
2020-09-10T18:16:48+08:00 [INFO] ============Label==========
2020-09-10T18:16:48+08:00 [INFO] --------打上presure标签-------
2020-09-10T18:16:48+08:00 [INFO] 给节点pre-host-work02打type=presure标签成功
2020-09-10T18:16:48+08:00 [INFO] 给节点pre-k8s-work01打type=presure标签成功
2020-09-10T18:16:48+08:00 [INFO] taliyun-k8s-master01节点为master节点，不参与平衡调度标签策略
2020-09-10T18:16:48+08:00 [INFO] --------去掉presure标签-------
2020-09-10T18:16:48+08:00 [INFO] Ending,id=24,耗时181.5095ms
2020-09-10T18:16:48+08:00 [INFO] ------------------------------------
2020-09-10T18:16:58+08:00 [INFO] Staring,id=25
2020-09-10T18:16:58+08:00 [INFO] ============Cpu==========
2020-09-10T18:16:58+08:00 [INFO] pre-host-work02节点当前cpu使用率为: 6.945851626784716
2020-09-10T18:16:58+08:00 [INFO] pre-k8s-work01节点当前cpu使用率为: 8.350282485774907
2020-09-10T18:16:58+08:00 [INFO] taliyun-k8s-master01节点当前cpu使用率为: 9.772005444637044
2020-09-10T18:16:58+08:00 [INFO] Cpu使用率超过10的节点列表：[]
2020-09-10T18:16:58+08:00 [INFO] ============Mem==========
2020-09-10T18:16:59+08:00 [INFO] pre-host-work02节点当前mem使用率为: 31.79045138802933
2020-09-10T18:16:59+08:00 [INFO] pre-k8s-work01节点当前mem使用率为: 30.375042702882016
2020-09-10T18:16:59+08:00 [INFO] taliyun-k8s-master01节点当前mem使用率为: 71.3359964949357
2020-09-10T18:16:59+08:00 [INFO] Mem 使用率超过阈值10的节点列表: [pre-host-work02 pre-k8s-work01 taliyun-k8s-master01]
2020-09-10T18:16:59+08:00 [INFO] ============Label==========
2020-09-10T18:16:59+08:00 [INFO] --------打上presure标签-------
2020-09-10T18:16:59+08:00 [INFO] 给节点pre-k8s-work01打type=presure标签成功
2020-09-10T18:16:59+08:00 [INFO] taliyun-k8s-master01节点为master节点，不参与平衡调度标签策略
2020-09-10T18:16:59+08:00 [INFO] 给节点pre-host-work02打type=presure标签成功
2020-09-10T18:16:59+08:00 [INFO] --------去掉presure标签-------
2020-09-10T18:16:59+08:00 [INFO] Ending,id=25,耗时179.258ms
2020-09-10T18:16:59+08:00 [INFO] ------------------------------------
2020-09-10T18:17:09+08:00 [INFO] Staring,id=26
2020-09-10T18:17:09+08:00 [INFO] ============Cpu==========
2020-09-10T18:17:09+08:00 [INFO] taliyun-k8s-master01节点当前cpu使用率为: 7.636446159110721
2020-09-10T18:17:09+08:00 [INFO] pre-host-work02节点当前cpu使用率为: 7.134818816001021
2020-09-10T18:17:09+08:00 [INFO] pre-k8s-work01节点当前cpu使用率为: 7.934893184102831
2020-09-10T18:17:09+08:00 [INFO] Cpu使用率超过10的节点列表：[]
2020-09-10T18:17:09+08:00 [INFO] ============Mem==========
2020-09-10T18:17:09+08:00 [INFO] pre-host-work02节点当前mem使用率为: 31.880362615545334
2020-09-10T18:17:09+08:00 [INFO] pre-k8s-work01节点当前mem使用率为: 30.772315659703832
2020-09-10T18:17:09+08:00 [INFO] taliyun-k8s-master01节点当前mem使用率为: 71.40547924022577
2020-09-10T18:17:09+08:00 [INFO] Mem 使用率超过阈值10的节点列表: [pre-host-work02 pre-k8s-work01 taliyun-k8s-master01]
2020-09-10T18:17:09+08:00 [INFO] ============Label==========
2020-09-10T18:17:09+08:00 [INFO] --------打上presure标签-------
2020-09-10T18:17:09+08:00 [INFO] 给节点pre-host-work02打type=presure标签成功
2020-09-10T18:17:09+08:00 [INFO] 给节点pre-k8s-work01打type=presure标签成功
2020-09-10T18:17:09+08:00 [INFO] taliyun-k8s-master01节点为master节点，不参与平衡调度标签策略
2020-09-10T18:17:09+08:00 [INFO] --------去掉presure标签-------
2020-09-10T18:17:09+08:00 [INFO] Ending,id=26,耗时339.0927ms
2020-09-10T18:17:09+08:00 [INFO] ------------------------------------
2020-09-10T18:17:19+08:00 [INFO] Staring,id=27
2020-09-10T18:17:19+08:00 [INFO] ============Cpu==========
2020-09-10T18:17:19+08:00 [INFO] pre-host-work02节点当前cpu使用率为: 7.2852156289073156
2020-09-10T18:17:19+08:00 [INFO] pre-k8s-work01节点当前cpu使用率为: 7.934893184102831
2020-09-10T18:17:19+08:00 [INFO] taliyun-k8s-master01节点当前cpu使用率为: 7.03018610984617
2020-09-10T18:17:19+08:00 [INFO] Cpu使用率超过10的节点列表：[]
2020-09-10T18:17:19+08:00 [INFO] ============Mem==========
2020-09-10T18:17:19+08:00 [INFO] pre-host-work02节点当前mem使用率为: 31.83837763705768
2020-09-10T18:17:19+08:00 [INFO] pre-k8s-work01节点当前mem使用率为: 30.772315659703832
2020-09-10T18:17:19+08:00 [INFO] taliyun-k8s-master01节点当前mem使用率为: 71.4385711708461
2020-09-10T18:17:19+08:00 [INFO] Mem 使用率超过阈值10的节点列表: [pre-host-work02 pre-k8s-work01 taliyun-k8s-master01]
2020-09-10T18:17:19+08:00 [INFO] ============Label==========
2020-09-10T18:17:19+08:00 [INFO] --------打上presure标签-------
2020-09-10T18:17:19+08:00 [INFO] taliyun-k8s-master01节点为master节点，不参与平衡调度标签策略
2020-09-10T18:17:19+08:00 [INFO] 给节点pre-host-work02打type=presure标签成功
2020-09-10T18:17:19+08:00 [INFO] 给节点pre-k8s-work01打type=presure标签成功
2020-09-10T18:17:19+08:00 [INFO] --------去掉presure标签-------
2020-09-10T18:17:19+08:00 [INFO] Ending,id=27,耗时350.0208ms
2020-09-10T18:17:19+08:00 [INFO] ------------------------------------
2020-09-10T18:17:29+08:00 [INFO] Staring,id=28
2020-09-10T18:17:29+08:00 [INFO] ============Cpu==========
2020-09-10T18:17:29+08:00 [INFO] pre-host-work02节点当前cpu使用率为: 7.2852156289073156
2020-09-10T18:17:29+08:00 [INFO] pre-k8s-work01节点当前cpu使用率为: 8.795929903892642
2020-09-10T18:17:29+08:00 [INFO] taliyun-k8s-master01节点当前cpu使用率为: 7.224334600753579
2020-09-10T18:17:29+08:00 [INFO] Cpu使用率超过10的节点列表：[]
2020-09-10T18:17:29+08:00 [INFO] ============Mem==========
2020-09-10T18:17:29+08:00 [INFO] pre-host-work02节点当前mem使用率为: 31.83837763705768
2020-09-10T18:17:29+08:00 [INFO] pre-k8s-work01节点当前mem使用率为: 30.394846938017693
2020-09-10T18:17:29+08:00 [INFO] taliyun-k8s-master01节点当前mem使用率为: 71.38063451972887
2020-09-10T18:17:29+08:00 [INFO] Mem 使用率超过阈值10的节点列表: [pre-host-work02 pre-k8s-work01 taliyun-k8s-master01]
2020-09-10T18:17:29+08:00 [INFO] ============Label==========
2020-09-10T18:17:29+08:00 [INFO] --------打上presure标签-------
2020-09-10T18:17:29+08:00 [INFO] 给节点pre-host-work02打type=presure标签成功
2020-09-10T18:17:30+08:00 [INFO] 给节点pre-k8s-work01打type=presure标签成功
2020-09-10T18:17:30+08:00 [INFO] taliyun-k8s-master01节点为master节点，不参与平衡调度标签策略
2020-09-10T18:17:30+08:00 [INFO] --------去掉presure标签-------
2020-09-10T18:17:30+08:00 [INFO] Ending,id=28,耗时237.3706ms
2020-09-10T18:17:30+08:00 [INFO] ------------------------------------
