2020-09-11T14:09:14+08:00 [INFO] hello
2020-09-11T14:09:33+08:00 [INFO] hello
2020-09-11T14:10:34+08:00 [INFO] hello
2020-09-11T14:10:34+08:00 [INFO] Staring,id=1
2020-09-11T14:10:34+08:00 [INFO] ============Cpu==========
2020-09-11T14:10:34+08:00 [INFO] pre-k8s-work01节点当前cpu使用率为: 6.0876440026950025
2020-09-11T14:10:34+08:00 [INFO] taliyun-k8s-master01节点当前cpu使用率为: 7.527738264586715
2020-09-11T14:10:34+08:00 [INFO] pre-host-work02节点当前cpu使用率为: 5.106287256771658
2020-09-11T14:10:34+08:00 [INFO] Cpu使用率超过60的节点列表：[]
2020-09-11T14:10:34+08:00 [INFO] ============Mem==========
2020-09-11T14:10:34+08:00 [INFO] pre-host-work02节点当前mem使用率为: 29.13846626100992
2020-09-11T14:10:34+08:00 [INFO] pre-k8s-work01节点当前mem使用率为: 30.01450660223689
2020-09-11T14:10:34+08:00 [INFO] taliyun-k8s-master01节点当前mem使用率为: 74.41292750186851
2020-09-11T14:10:34+08:00 [INFO] Mem 使用率超过阈值80的节点列表: []
2020-09-11T14:10:34+08:00 [INFO] ============Label==========
2020-09-11T14:10:34+08:00 [INFO] 打上presure标签:
2020-09-11T14:10:34+08:00 [INFO] 去掉presure标签：
2020-09-11T14:10:34+08:00 [INFO] 给节点pre-k8s-work01打type=nil标签成功
2020-09-11T14:10:34+08:00 [INFO] taliyun-k8s-master01节点为master节点，不参与平衡调度标签策略
2020-09-11T14:10:34+08:00 [INFO] 给节点pre-host-work02打type=nil标签成功
2020-09-11T14:10:34+08:00 [INFO] 当前有0个节点已经处于status=presure状态: []
2020-09-11T14:10:34+08:00 [INFO] Ending,id=1,耗时24.800288ms
2020-09-11T14:10:34+08:00 [INFO] <-------------------------------------->
